/*C16*/SET SCHEMA PUBLIC
INSERT INTO TURMA VALUES(14,'Nova turma','2017-01-31')
COMMIT
DISCONNECT
/*C17*/SET SCHEMA PUBLIC
DISCONNECT
/*C18*/SET SCHEMA PUBLIC
DISCONNECT
/*C19*/SET SCHEMA PUBLIC
DISCONNECT
/*C20*/SET SCHEMA PUBLIC
DISCONNECT
/*C21*/SET SCHEMA PUBLIC
DISCONNECT
/*C22*/SET SCHEMA PUBLIC
DISCONNECT
/*C23*/SET SCHEMA PUBLIC
DISCONNECT
/*C24*/SET SCHEMA PUBLIC
DISCONNECT
/*C25*/SET SCHEMA PUBLIC
DISCONNECT
/*C26*/SET SCHEMA PUBLIC
DISCONNECT
/*C27*/SET SCHEMA PUBLIC
DISCONNECT
/*C29*/SET SCHEMA PUBLIC
DISCONNECT
/*C28*/SET SCHEMA PUBLIC
DISCONNECT
/*C32*/SET SCHEMA PUBLIC
DISCONNECT
/*C31*/SET SCHEMA PUBLIC
DISCONNECT
/*C30*/SET SCHEMA PUBLIC
DISCONNECT
/*C33*/SET SCHEMA PUBLIC
DISCONNECT
/*C34*/SET SCHEMA PUBLIC
DISCONNECT
/*C35*/SET SCHEMA PUBLIC
DISCONNECT
/*C36*/SET SCHEMA PUBLIC
DISCONNECT
/*C37*/SET SCHEMA PUBLIC
INSERT INTO ALUNO VALUES(23,'123','ma',NULL,'marianna@email.com')
COMMIT
DISCONNECT
/*C39*/SET SCHEMA PUBLIC
DISCONNECT
/*C38*/SET SCHEMA PUBLIC
DISCONNECT
/*C40*/SET SCHEMA PUBLIC
INSERT INTO ALUNO VALUES(24,'123','ma',NULL,'mar/')
COMMIT
/*C42*/SET SCHEMA PUBLIC
DISCONNECT
/*C40*/DISCONNECT
/*C41*/SET SCHEMA PUBLIC
DISCONNECT
/*C43*/SET SCHEMA PUBLIC
INSERT INTO ALUNO VALUES(25,'123','ma',7,'mar/')
COMMIT
/*C44*/SET SCHEMA PUBLIC
DISCONNECT
/*C45*/SET SCHEMA PUBLIC
DISCONNECT
/*C43*/DISCONNECT
/*C47*/SET SCHEMA PUBLIC
INSERT INTO ALUNO VALUES(26,'154','aaa',7,'aaaaaaa')
COMMIT
DISCONNECT
/*C48*/SET SCHEMA PUBLIC
DISCONNECT
/*C46*/SET SCHEMA PUBLIC
DISCONNECT
/*C50*/SET SCHEMA PUBLIC
DISCONNECT
/*C49*/SET SCHEMA PUBLIC
DISCONNECT
/*C51*/SET SCHEMA PUBLIC
DISCONNECT
/*C53*/SET SCHEMA PUBLIC
INSERT INTO TURMA VALUES(15,'Nova turma oi oi','2017-01-31')
COMMIT
DISCONNECT
/*C52*/SET SCHEMA PUBLIC
DISCONNECT
/*C54*/SET SCHEMA PUBLIC
DISCONNECT
/*C56*/SET SCHEMA PUBLIC
DISCONNECT
/*C55*/SET SCHEMA PUBLIC
DISCONNECT
/*C57*/SET SCHEMA PUBLIC
DISCONNECT
/*C58*/SET SCHEMA PUBLIC
DELETE FROM TURMA WHERE ID=15
COMMIT
DELETE FROM TURMA WHERE ID=14
COMMIT
/*C59*/SET SCHEMA PUBLIC
DISCONNECT
/*C58*/DISCONNECT
/*C60*/SET SCHEMA PUBLIC
INSERT INTO TURMA VALUES(16,'Nova turma','2017-01-31')
COMMIT
DELETE FROM TURMA WHERE ID=16
COMMIT
DISCONNECT
/*C61*/SET SCHEMA PUBLIC
INSERT INTO TURMA VALUES(17,'Nova turma','2017-01-31')
COMMIT
DELETE FROM TURMA WHERE ID=17
INSERT INTO TURMA VALUES(17,'Nova turma','2018-01-31')
COMMIT
/*C62*/SET SCHEMA PUBLIC
DISCONNECT
/*C61*/DISCONNECT
/*C63*/SET SCHEMA PUBLIC
DISCONNECT
/*C65*/SET SCHEMA PUBLIC
INSERT INTO TURMA VALUES(18,'oi','2017-01-31')
COMMIT
DISCONNECT
/*C66*/SET SCHEMA PUBLIC
DISCONNECT
